realloc((nil), 536) = 0xfe6010
malloc(16) = 0xfe6230
malloc(32) = 0xfe6250
malloc(5) = 0xfe6280
free(0xfe6280) = <void>
malloc(120) = 0xfe62a0
malloc(12) = 0xfe6280
malloc(776) = 0xfe6320
malloc(112) = 0xfe6630
malloc(952) = 0xfe66b0
malloc(216) = 0xfe6a70
malloc(432) = 0xfe6b50
malloc(104) = 0xfe6d10
malloc(88) = 0xfe6d80
malloc(120) = 0xfe6de0
malloc(168) = 0xfe6e60
malloc(104) = 0xfe6f10
malloc(80) = 0xfe6f80
malloc(192) = 0xfe6fe0
malloc(12) = 0xfe70b0
malloc(12) = 0xfe70d0
malloc(12) = 0xfe70f0
malloc(12) = 0xfe7110
malloc(12) = 0xfe7130
malloc(12) = 0xfe7150
malloc(12) = 0xfe7170
malloc(12) = 0xfe7190
malloc(12) = 0xfe71b0
malloc(12) = 0xfe71d0
malloc(12) = 0xfe71f0
malloc(12) = 0xfe7210
malloc(12) = 0xfe7230
malloc(35) = 0xfe7250
malloc(11) = 0xfe7280
malloc(16) = 0x624010
malloc(32) = 0x624030
malloc(72704) = 0x624060
0x621840
malloc(4096) = 0x635c70
malloc(552) = 0x636c80
malloc(4096) = 0x636ec0
malloc(25) = 0x637ed0
malloc(400) = 0x637f00
malloc(640) = 0x6380a0
calloc(1216, 1) = 0x638330
malloc(8192) = 0x638800
malloc(7152) = 0x63a810
calloc(464, 1) = 0x63c410
malloc(400) = 0x63c5f0
malloc(640) = 0x63c790
malloc(36) = 0x63ca20
malloc(768) = 0x63ca50
malloc(16) = 0x63cd60
malloc(20) = 0x63cd80
malloc(256) = 0x63cda0
malloc(32) = 0x63ceb0
free(0x63cd60) = <void>
malloc(20) = 0x63cd60
free(0x63cd60) = <void>
malloc(38) = 0x63cee0
free(0x63cee0) = <void>
malloc(25) = 0x63cee0
malloc(201) = 0x63cf10
malloc(138) = 0x63cff0
malloc(32768) = 0x63d090
free(0x63cee0) = <void>
malloc(38) = 0x63cee0
free(0x63cda0) = <void>
free(0x63ca50) = <void>
free(0x638800) = <void>
free(0x63cf10) = <void>
free(0x63cff0) = <void>
free(0x63d090) = <void>
free(0x63a810) = <void>
free(0x63c410) = <void>
free(0x638330) = <void>
malloc(400) = 0x63ca50
malloc(640) = 0x638330
malloc(32) = 0x6385c0
calloc(1216, 1) = 0x6385f0
malloc(8192) = 0x638ac0
malloc(7152) = 0x63cf10
calloc(464, 1) = 0x63aad0
malloc(768) = 0x63acb0
malloc(256) = 0x63cda0
free(0x63cee0) = <void>
malloc(26) = 0x63cee0
malloc(137) = 0x63afc0
malloc(74) = 0x63b060
free(0x63cee0) = <void>
malloc(38) = 0x63cee0
free(0x63cda0) = <void>
free(0x63acb0) = <void>
free(0x638ac0) = <void>
free(0x63afc0) = <void>
free(0x63b060) = <void>
free(0x63cf10) = <void>
free(0x63aad0) = <void>
free(0x6385f0) = <void>
malloc(400) = 0x6385f0
malloc(640) = 0x638790
malloc(64) = 0x638a20
free(0x6385c0) = <void>
calloc(1216, 1) = 0x638a70
malloc(8192) = 0x638f40
malloc(7152) = 0x63cf10
calloc(464, 1) = 0x63af50
malloc(768) = 0x63b130
malloc(256) = 0x63cda0
free(0x63cee0) = <void>
malloc(26) = 0x63cee0
malloc(137) = 0x63b440
malloc(74) = 0x63b4e0
free(0x63cee0) = <void>
malloc(38) = 0x63cee0
free(0x63cda0) = <void>
free(0x63b130) = <void>
free(0x638f40) = <void>
free(0x63b440) = <void>
free(0x63b4e0) = <void>
free(0x63cf10) = <void>
free(0x63af50) = <void>
free(0x638a70) = <void>
malloc(400) = 0x638a70
malloc(640) = 0x638c10
malloc(128) = 0x638ea0
free(0x638a20) = <void>
calloc(1216, 1) = 0x638f30
malloc(8192) = 0x639400
malloc(7152) = 0x63cf10
calloc(464, 1) = 0x63b410
malloc(768) = 0x63b5f0
malloc(256) = 0x63cda0
free(0x63cee0) = <void>
malloc(26) = 0x63cee0
malloc(137) = 0x63b900
malloc(74) = 0x63b9a0
free(0x63cee0) = <void>
malloc(38) = 0x63cee0
free(0x63cda0) = <void>
free(0x63b5f0) = <void>
free(0x639400) = <void>
free(0x63b900) = <void>
free(0x63b9a0) = <void>
free(0x63cf10) = <void>
free(0x63b410) = <void>
free(0x638f30) = <void>
malloc(400) = 0x638f30
malloc(640) = 0x6390d0
calloc(1216, 1) = 0x639360
malloc(8192) = 0x639830
malloc(7152) = 0x63cf10
calloc(464, 1) = 0x63b840
malloc(768) = 0x63ba20
malloc(256) = 0x63cda0
free(0x63cee0) = <void>
malloc(26) = 0x63cee0
malloc(137) = 0x63bd30
malloc(74) = 0x63bdd0
free(0x63cee0) = <void>
malloc(38) = 0x63cee0
free(0x63cda0) = <void>
free(0x63ba20) = <void>
free(0x639830) = <void>
free(0x63bd30) = <void>
free(0x63bdd0) = <void>
free(0x63cf10) = <void>
free(0x63b840) = <void>
free(0x639360) = <void>
malloc(400) = 0x639360
malloc(640) = 0x639500
malloc(256) = 0x63cda0
free(0x638ea0) = <void>
calloc(1216, 1) = 0x639790
malloc(8192) = 0x639c60
malloc(7152) = 0x63cf10
calloc(464, 1) = 0x63bc70
malloc(768) = 0x63be50
malloc(256) = 0x63c160
free(0x63cee0) = <void>
malloc(1) = 0x63c270
free(0x6380a0) = <void>
free(0x637f00) = <void>
free(0x63ca20) = <void>
free(0x63cd80) = <void>
free(0x637ed0) = <void>
free(0x636ec0) = <void>
free(0x636c80) = <void>
free(0x63ceb0) = <void>
malloc(100) = 
APNG Optimizer 1.4 using 7ZIP with 15 iterations

Reading 'images/6frames-AnimatedPNG-blogpost.png'...
<no return ...>
